<?xml version="1.0" encoding="UTF-8"?>
<!-- Generated by org.testng.reporters.JUnitXMLReporter -->
<testsuite ignored="0" hostname="SABARI" failures="0" tests="4" name="Default test" time="12.503" errors="0" timestamp="2022-07-29T17:32:27 CST">
  <testcase classname="login.Login1DataDriven" name="getExcelData" time="3.353"/>
  <testcase classname="login.Login1DataDriven" name="getExcelData" time="2.316"/>
  <testcase classname="login.Login1DataDriven" name="getExcelData" time="2.528"/>
  <testcase classname="login.Login1DataDriven" name="getExcelData" time="2.271"/>
</testsuite> <!-- Default test -->
