<?xml version="1.0" encoding="UTF-8"?>
<testng-results ignored="0" total="4" passed="4" failed="0" skipped="0">
  <reporter-output>
  </reporter-output>
  <suite started-at="2022-07-29T17:32:15 CST" name="Default suite" finished-at="2022-07-29T17:32:27 CST" duration-ms="12503">
    <groups>
    </groups>
    <test started-at="2022-07-29T17:32:15 CST" name="Default test" finished-at="2022-07-29T17:32:27 CST" duration-ms="12503">
      <class name="login.Login1DataDriven">
        <test-method is-config="true" signature="beforetest()[pri:0, instance:login.Login1DataDriven@6a400542]" started-at="2022-07-29T17:32:15 CST" name="beforetest" finished-at="2022-07-29T17:32:17 CST" duration-ms="1724" status="PASS">
          <reporter-output>
          </reporter-output>
        </test-method> <!-- beforetest -->
        <test-method signature="getExcelData(java.lang.String,java.lang.String)[pri:0, instance:login.Login1DataDriven@6a400542]" started-at="2022-07-29T17:32:17 CST" name="getExcelData" data-provider="LoginData" finished-at="2022-07-29T17:32:20 CST" duration-ms="3353" status="PASS">
          <params>
            <param index="0">
              <value>
                <![CDATA[standard_user]]>
              </value>
            </param>
            <param index="1">
              <value>
                <![CDATA[secret_sauce]]>
              </value>
            </param>
          </params>
          <reporter-output>
          </reporter-output>
        </test-method> <!-- getExcelData -->
        <test-method signature="getExcelData(java.lang.String,java.lang.String)[pri:0, instance:login.Login1DataDriven@6a400542]" started-at="2022-07-29T17:32:20 CST" name="getExcelData" data-provider="LoginData" finished-at="2022-07-29T17:32:22 CST" duration-ms="2316" status="PASS">
          <params>
            <param index="0">
              <value>
                <![CDATA[standard_user1]]>
              </value>
            </param>
            <param index="1">
              <value>
                <![CDATA[secret_sauce]]>
              </value>
            </param>
          </params>
          <reporter-output>
          </reporter-output>
        </test-method> <!-- getExcelData -->
        <test-method signature="getExcelData(java.lang.String,java.lang.String)[pri:0, instance:login.Login1DataDriven@6a400542]" started-at="2022-07-29T17:32:22 CST" name="getExcelData" data-provider="LoginData" finished-at="2022-07-29T17:32:25 CST" duration-ms="2528" status="PASS">
          <params>
            <param index="0">
              <value>
                <![CDATA[standard_user]]>
              </value>
            </param>
            <param index="1">
              <value>
                <![CDATA[secret_sauce1]]>
              </value>
            </param>
          </params>
          <reporter-output>
          </reporter-output>
        </test-method> <!-- getExcelData -->
        <test-method signature="getExcelData(java.lang.String,java.lang.String)[pri:0, instance:login.Login1DataDriven@6a400542]" started-at="2022-07-29T17:32:25 CST" name="getExcelData" data-provider="LoginData" finished-at="2022-07-29T17:32:27 CST" duration-ms="2271" status="PASS">
          <params>
            <param index="0">
              <value>
                <![CDATA[standard_user1]]>
              </value>
            </param>
            <param index="1">
              <value>
                <![CDATA[secret_sauce1]]>
              </value>
            </param>
          </params>
          <reporter-output>
          </reporter-output>
        </test-method> <!-- getExcelData -->
        <test-method is-config="true" signature="aftertest()[pri:0, instance:login.Login1DataDriven@6a400542]" started-at="2022-07-29T17:32:27 CST" name="aftertest" finished-at="2022-07-29T17:32:27 CST" duration-ms="191" status="PASS">
          <reporter-output>
          </reporter-output>
        </test-method> <!-- aftertest -->
      </class> <!-- login.Login1DataDriven -->
    </test> <!-- Default test -->
  </suite> <!-- Default suite -->
</testng-results>
