<?xml version="1.0" encoding="UTF-8"?>
<!-- Generated by org.testng.reporters.JUnitXMLReporter -->
<testsuite ignored="0" hostname="SABARI" failures="0" tests="4" name="Test" time="36.941" errors="0" timestamp="2022-07-28T23:12:03 CST">
  <testcase classname="login.PasswordOk" name="Pssword" time="5.442"/>
  <testcase classname="login.UsernameOk" name="Username" time="5.947"/>
  <testcase classname="login.UserPassNotOk" name="UserPsssNotokk" time="6.398"/>
  <testcase classname="login.UsernamePasswordOk" name="UsernamePassOk" time="19.111"/>
</testsuite> <!-- Test -->
