<?xml version="1.0" encoding="UTF-8"?>
<!-- Generated by org.testng.reporters.JUnitXMLReporter -->
<testsuite ignored="0" hostname="SABARI" failures="1" tests="1" name="BothOk" time="0.008" errors="0" timestamp="2022-07-29T00:41:53 CST">
  <testcase classname="login.UsernamePasswordOk" name="UsernamePassOk" time="0.0">
    <failure type="org.testng.TestNGException" message="
Cannot inject @Test annotated Method [UsernamePassOk] with [class java.lang.String, class java.lang.String].
For more information on native dependency injection please refer to https://testng.org/doc/documentation-main.html#native-dependency-injection">
      <![CDATA[org.testng.TestNGException: 
Cannot inject @Test annotated Method [UsernamePassOk] with [class java.lang.String, class java.lang.String].
For more information on native dependency injection please refer to https://testng.org/doc/documentation-main.html#native-dependency-injection
at java.base/java.util.ArrayList.forEach(ArrayList.java:1511)
... Removed 26 stack frames]]>
    </failure>
  </testcase> <!-- UsernamePassOk -->
</testsuite> <!-- BothOk -->
